<?xml version="1.0" encoding="UTF-8"?>
<testsuite name="TestCTIS"
           tests="1"
           failures="1"
           errors="0"
           skipped="0"
           time="23.429">
  <properties />
            <testcase name="ctisTest" time="23.429" classname="test.ctis.testcase.CTIS">
                <failure type="java.lang.AssertionError"
                  message="The following asserts failed:
	Expected condition failed: waiting for element to be clickable: By.xpath: //input[@name=&apos;fghf&apos; and @value=&apos;I agree&apos;] (tried for 20 second(s) with 500 MILLISECONDS interval)"
              >
<![CDATA[java.lang.AssertionError: The following asserts failed:
	Expected condition failed: waiting for element to be clickable: By.xpath: //input[@name='fghf' and @value='I agree'] (tried for 20 second(s) with 500 MILLISECONDS interval)
  org.testng.asserts.SoftAssert.assertAll(SoftAssert.java:43)
  dweb.aut.pages.templates.PageTemplate.waitUntilElementIsClickable(PageTemplate.java:356)
  pages.ctis.homepage.HomePage.agreeTheLicence(HomePage.java:39)
  pages.ctis.homepage.HomePage.navigateToAdverseEvents(HomePage.java:59)
  test.ctis.testcase.CTIS.ctisTest(CTIS.java:46)
  sun.reflect.NativeMethodAccessorImpl.invoke0(Native Method)
  sun.reflect.NativeMethodAccessorImpl.invoke(NativeMethodAccessorImpl.java:62)
  sun.reflect.DelegatingMethodAccessorImpl.invoke(DelegatingMethodAccessorImpl.java:43)
  java.lang.reflect.Method.invoke(Method.java:498)
  org.testng.internal.MethodInvocationHelper.invokeMethod(MethodInvocationHelper.java:108)
  org.testng.internal.Invoker.invokeMethod(Invoker.java:661)
  org.testng.internal.Invoker.invokeTestMethod(Invoker.java:869)
  org.testng.internal.Invoker.invokeTestMethods(Invoker.java:1193)
  org.testng.internal.TestMethodWorker.invokeTestMethods(TestMethodWorker.java:126)
  org.testng.internal.TestMethodWorker.run(TestMethodWorker.java:109)
  org.testng.TestRunner.privateRun(TestRunner.java:744)
  org.testng.TestRunner.run(TestRunner.java:602)
  org.testng.SuiteRunner.runTest(SuiteRunner.java:380)
  org.testng.SuiteRunner.access$000(SuiteRunner.java:39)
  org.testng.SuiteRunner$SuiteWorker.run(SuiteRunner.java:414)
  org.testng.internal.thread.ThreadUtil$1.call(ThreadUtil.java:52)
  java.util.concurrent.FutureTask.run(FutureTask.java:266)
  java.util.concurrent.ThreadPoolExecutor.runWorker(ThreadPoolExecutor.java:1142)
  java.util.concurrent.ThreadPoolExecutor$Worker.run(ThreadPoolExecutor.java:617)
  java.lang.Thread.run(Thread.java:745)
]]>
      </failure>

          </testcase>
  
  
  
</testsuite>
