<?xml version="1.0" encoding="UTF-8"?>
<testsuite name="TestSWAG"
           tests="5"
           failures="1"
           errors="0"
           skipped="0"
           time="51.352">
  <properties />
            <testcase name="problemUserLogin" time="24.181" classname="test.swag.testcase.SWAGlabs">
                <failure type="java.lang.AssertionError"
                  message="The following asserts failed:
	Expected condition failed: waiting for visibility of element located by By.cssSelector: [data-test=&apos;error&apos;] (tried for 20 second(s) with 500 milliseconds interval)"
              >
<![CDATA[java.lang.AssertionError: The following asserts failed:
	Expected condition failed: waiting for visibility of element located by By.cssSelector: [data-test='error'] (tried for 20 second(s) with 500 milliseconds interval)
  org.testng.asserts.SoftAssert.assertAll(SoftAssert.java:43)
  dweb.aut.pages.templates.PageTemplate.waitUntilElementIsVisible(PageTemplate.java:257)
  pages.ctis.HomePage.verifyApplicationDisplayedError(HomePage.java:61)
  test.swag.testcase.SWAGlabs.problemUserLogin(SWAGlabs.java:81)
  sun.reflect.NativeMethodAccessorImpl.invoke0(Native Method)
  sun.reflect.NativeMethodAccessorImpl.invoke(NativeMethodAccessorImpl.java:62)
  sun.reflect.DelegatingMethodAccessorImpl.invoke(DelegatingMethodAccessorImpl.java:43)
  java.lang.reflect.Method.invoke(Method.java:498)
  org.testng.internal.MethodInvocationHelper.invokeMethod(MethodInvocationHelper.java:108)
  org.testng.internal.Invoker.invokeMethod(Invoker.java:661)
  org.testng.internal.Invoker.invokeTestMethod(Invoker.java:869)
  org.testng.internal.Invoker.invokeTestMethods(Invoker.java:1193)
  org.testng.internal.TestMethodWorker.invokeTestMethods(TestMethodWorker.java:126)
  org.testng.internal.TestMethodWorker.run(TestMethodWorker.java:109)
  org.testng.TestRunner.privateRun(TestRunner.java:744)
  org.testng.TestRunner.run(TestRunner.java:602)
  org.testng.SuiteRunner.runTest(SuiteRunner.java:380)
  org.testng.SuiteRunner.access$000(SuiteRunner.java:39)
  org.testng.SuiteRunner$SuiteWorker.run(SuiteRunner.java:414)
  org.testng.internal.thread.ThreadUtil$1.call(ThreadUtil.java:52)
  java.util.concurrent.FutureTask.run(FutureTask.java:266)
  java.util.concurrent.ThreadPoolExecutor.runWorker(ThreadPoolExecutor.java:1149)
  java.util.concurrent.ThreadPoolExecutor$Worker.run(ThreadPoolExecutor.java:624)
  java.lang.Thread.run(Thread.java:748)
]]>
      </failure>

          </testcase>
  
  
            <testcase name="invalidPasswordLogin" time="3.506" classname="test.swag.testcase.SWAGlabs" />
                <testcase name="standardUserLogin" time="7.129" classname="test.swag.testcase.SWAGlabs" />
                <testcase name="lockedUserLogin" time="3.409" classname="test.swag.testcase.SWAGlabs" />
                <testcase name="performanceUserLogin" time="13.127" classname="test.swag.testcase.SWAGlabs" />
      
</testsuite>
