2019-10-25 09:13:16,197  INFO (TestNG-tests-1:dweb.test.templates.TestTemplate:getTestParameter:45) - Test Execution Input Parameter = automationKit, Value = selenium
2019-10-25 09:13:17,679  INFO (TestNG-tests-1:com.testreport.ExtentReporter:initTestCase:90) - ExtentTest Created - com.aventstack.extentreports.ExtentTest@33343dbb Created, With Name - TestSWAG-invalidPasswordLogin
2019-10-25 09:13:17,682  INFO (TestNG-tests-1:dweb.test.templates.TestTemplate:getTestParameter:45) - Test Execution Input Parameter = appURL, Value = https://www.saucedemo.com/index.html
2019-10-25 09:13:27,441  INFO (TestNG-tests-1:com.factories.WebDriverFactory:getLocalWebDriver:84) - Driver Initialized For Browser - Firefox
2019-10-25 09:13:29,972  INFO (TestNG-tests-1:dweb.test.templates.TestTemplate:getTestParameter:45) - Test Execution Input Parameter = browserName, Value = FIREFOX
2019-10-25 09:13:29,973  INFO (TestNG-tests-1:dweb.test.templates.TestTemplate:getTestParameter:45) - Test Execution Input Parameter = appURL, Value = https://www.saucedemo.com/index.html
2019-10-25 09:13:29,986  INFO (TestNG-tests-1:com.testreport.ExtentReporter:logInfo:175) - Thread - 12 , Executes Next Test Method - invalidPasswordLogin On Browser - FIREFOX On URL - https://www.saucedemo.com/index.html
2019-10-25 09:13:30,206  INFO (TestNG-tests-1:dweb.aut.pages.templates.PageTemplate:waitUntilElementIsVisible:244) - Element visible - (By - By.cssSelector: [id='user-name'])
2019-10-25 09:13:30,208  INFO (TestNG-tests-1:com.testreport.ExtentReporter:logSuccess:125) - StepName - waitUntilElementIsVisible, StepDescription - Element visible - (By - By.cssSelector: [id='user-name']) Passed
2019-10-25 09:13:30,289  INFO (TestNG-tests-1:dweb.aut.pages.templates.PageTemplate:waitUntilElementIsClickable:218) - Element clickable - (By - By.cssSelector: [id='user-name'])
2019-10-25 09:13:30,290  INFO (TestNG-tests-1:com.testreport.ExtentReporter:logSuccess:125) - StepName - waitUntilElementIsClickable, StepDescription - Element clickable - (By - By.cssSelector: [id='user-name']) Passed
2019-10-25 09:13:30,443  INFO (TestNG-tests-1:dweb.aut.pages.templates.PageTemplate:sendKeys:52) - SendKeys Successful - (By - By.cssSelector: [id='user-name'], text - standard_user)
2019-10-25 09:13:30,445  INFO (TestNG-tests-1:com.testreport.ExtentReporter:logSuccess:125) - StepName - SendKeys, StepDescription - Entered Text - <mark>standard_user</mark> To field User Name Passed
2019-10-25 09:13:30,533  INFO (TestNG-tests-1:dweb.aut.pages.templates.PageTemplate:waitUntilElementIsClickable:218) - Element clickable - (By - By.cssSelector: [id='user-name'])
2019-10-25 09:13:30,534  INFO (TestNG-tests-1:com.testreport.ExtentReporter:logSuccess:125) - StepName - waitUntilElementIsClickable, StepDescription - Element clickable - (By - By.cssSelector: [id='user-name']) Passed
2019-10-25 09:13:30,573  INFO (TestNG-tests-1:dweb.aut.pages.templates.PageTemplate:getAttribute:150) - Method - getAttribute returns value - standard_user for attribute - value for Locator - By.cssSelector: [id='user-name']
2019-10-25 09:13:30,575  INFO (TestNG-tests-1:com.testreport.ExtentReporter:logInfo:175) - Method - <mark>getAttribute</mark> returns value - <mark>standard_user</mark> for attribute - <mark>value</mark> for Locator - <mark>By.cssSelector: [id='user-name']</mark>
2019-10-25 09:13:30,576  INFO (TestNG-tests-1:dweb.aut.pages.templates.PageTemplate:sendKeys:59) - SendKeys Successful - (By - By.cssSelector: [id='user-name'], text - standard_user)
2019-10-25 09:13:30,577  INFO (TestNG-tests-1:com.testreport.ExtentReporter:logSuccess:125) - StepName - input Text Validation, StepDescription - Text present in User Name field is "standard_user" Passed
2019-10-25 09:13:32,657  INFO (TestNG-tests-1:dweb.aut.pages.templates.PageTemplate:waitUntilElementIsClickable:218) - Element clickable - (By - By.cssSelector: [id='password'])
2019-10-25 09:13:32,658  INFO (TestNG-tests-1:com.testreport.ExtentReporter:logSuccess:125) - StepName - waitUntilElementIsClickable, StepDescription - Element clickable - (By - By.cssSelector: [id='password']) Passed
2019-10-25 09:13:32,756  INFO (TestNG-tests-1:dweb.aut.pages.templates.PageTemplate:sendKeys:52) - SendKeys Successful - (By - By.cssSelector: [id='password'], text - Test1234)
2019-10-25 09:13:32,757  INFO (TestNG-tests-1:com.testreport.ExtentReporter:logSuccess:125) - StepName - SendKeys, StepDescription - Entered Text - <mark>Test1234</mark> To field Password Passed
2019-10-25 09:13:32,873  INFO (TestNG-tests-1:dweb.aut.pages.templates.PageTemplate:waitUntilElementIsClickable:218) - Element clickable - (By - By.cssSelector: [id='password'])
2019-10-25 09:13:32,874  INFO (TestNG-tests-1:com.testreport.ExtentReporter:logSuccess:125) - StepName - waitUntilElementIsClickable, StepDescription - Element clickable - (By - By.cssSelector: [id='password']) Passed
2019-10-25 09:13:32,903  INFO (TestNG-tests-1:dweb.aut.pages.templates.PageTemplate:getAttribute:150) - Method - getAttribute returns value - Test1234 for attribute - value for Locator - By.cssSelector: [id='password']
2019-10-25 09:13:32,904  INFO (TestNG-tests-1:com.testreport.ExtentReporter:logInfo:175) - Method - <mark>getAttribute</mark> returns value - <mark>Test1234</mark> for attribute - <mark>value</mark> for Locator - <mark>By.cssSelector: [id='password']</mark>
2019-10-25 09:13:32,905  INFO (TestNG-tests-1:dweb.aut.pages.templates.PageTemplate:sendKeys:59) - SendKeys Successful - (By - By.cssSelector: [id='password'], text - Test1234)
2019-10-25 09:13:32,905  INFO (TestNG-tests-1:com.testreport.ExtentReporter:logSuccess:125) - StepName - input Text Validation, StepDescription - Text present in Password field is "Test1234" Passed
2019-10-25 09:13:33,239  INFO (TestNG-tests-1:dweb.aut.pages.templates.PageTemplate:click:126) - Click Successful - (By - By.cssSelector: [type='submit'][value='LOGIN'])
2019-10-25 09:13:33,241  INFO (TestNG-tests-1:com.testreport.ExtentReporter:logSuccess:125) - StepName - Click, StepDescription - Click Performed On <mark>Login button</mark> Passed
2019-10-25 09:13:33,300  INFO (TestNG-tests-1:dweb.aut.pages.templates.PageTemplate:waitUntilElementIsVisible:244) - Element visible - (By - By.cssSelector: [data-test='error'])
2019-10-25 09:13:33,302  INFO (TestNG-tests-1:com.testreport.ExtentReporter:logSuccess:125) - StepName - waitUntilElementIsVisible, StepDescription - Element visible - (By - By.cssSelector: [data-test='error']) Passed
2019-10-25 09:13:33,364  INFO (TestNG-tests-1:dweb.aut.pages.templates.PageTemplate:waitUntilElementIsVisible:244) - Element visible - (By - By.cssSelector: [data-test='error'])
2019-10-25 09:13:33,365  INFO (TestNG-tests-1:com.testreport.ExtentReporter:logSuccess:125) - StepName - waitUntilElementIsVisible, StepDescription - Element visible - (By - By.cssSelector: [data-test='error']) Passed
2019-10-25 09:13:33,441  INFO (TestNG-tests-1:dweb.aut.pages.templates.PageTemplate:waitUntilElementIsClickable:218) - Element clickable - (By - By.cssSelector: [data-test='error'])
2019-10-25 09:13:33,442  INFO (TestNG-tests-1:com.testreport.ExtentReporter:logSuccess:125) - StepName - waitUntilElementIsClickable, StepDescription - Element clickable - (By - By.cssSelector: [data-test='error']) Passed
2019-10-25 09:13:33,490  INFO (TestNG-tests-1:dweb.aut.pages.templates.PageTemplate:getText:196) - Method - getText returns text - Epic sadface: Username and password do not match any user in this service for Locator - By.cssSelector: [data-test='error']
2019-10-25 09:13:33,491  INFO (TestNG-tests-1:com.testreport.ExtentReporter:logInfo:175) - Method - <mark>text</mark> returns value - <mark>Epic sadface: Username and password do not match any user in this service</mark> for Locator - <mark>By.cssSelector: [data-test='error']</mark>
2019-10-25 09:13:33,492  INFO (TestNG-tests-1:com.testreport.ExtentReporter:logSuccess:125) - StepName - Validate Text Present, StepDescription - Expected Test is Epic sadface: Username and password do not match any user in this service Actual Text is Epic sadface: Username and password do not match any user in this service Passed
2019-10-25 09:13:33,496  INFO (TestNG-tests-1:dweb.test.templates.TestTemplate:getTestParameter:45) - Test Execution Input Parameter = browserName, Value = FIREFOX
2019-10-25 09:13:33,497  INFO (TestNG-tests-1:com.testreport.ExtentReporter:logInfo:175) - Thread - 12 , Completes Executing Test Method - invalidPasswordLogin On Browser - FIREFOX
2019-10-25 09:13:36,433  INFO (TestNG-tests-1:com.testreport.ExtentReporter:initTestCase:90) - ExtentTest Created - com.aventstack.extentreports.ExtentTest@45d8aa0e Created, With Name - TestSWAG-lockedUserLogin
2019-10-25 09:13:36,434  INFO (TestNG-tests-1:dweb.test.templates.TestTemplate:getTestParameter:45) - Test Execution Input Parameter = appURL, Value = https://www.saucedemo.com/index.html
2019-10-25 09:13:43,285  INFO (TestNG-tests-1:com.factories.WebDriverFactory:getLocalWebDriver:84) - Driver Initialized For Browser - Firefox
2019-10-25 09:13:44,760  INFO (TestNG-tests-1:dweb.test.templates.TestTemplate:getTestParameter:45) - Test Execution Input Parameter = browserName, Value = FIREFOX
2019-10-25 09:13:44,760  INFO (TestNG-tests-1:dweb.test.templates.TestTemplate:getTestParameter:45) - Test Execution Input Parameter = appURL, Value = https://www.saucedemo.com/index.html
2019-10-25 09:13:44,761  INFO (TestNG-tests-1:com.testreport.ExtentReporter:logInfo:175) - Thread - 12 , Executes Next Test Method - lockedUserLogin On Browser - FIREFOX On URL - https://www.saucedemo.com/index.html
2019-10-25 09:13:44,855  INFO (TestNG-tests-1:dweb.aut.pages.templates.PageTemplate:waitUntilElementIsVisible:244) - Element visible - (By - By.cssSelector: [id='user-name'])
2019-10-25 09:13:44,856  INFO (TestNG-tests-1:com.testreport.ExtentReporter:logSuccess:125) - StepName - waitUntilElementIsVisible, StepDescription - Element visible - (By - By.cssSelector: [id='user-name']) Passed
2019-10-25 09:13:44,929  INFO (TestNG-tests-1:dweb.aut.pages.templates.PageTemplate:waitUntilElementIsClickable:218) - Element clickable - (By - By.cssSelector: [id='user-name'])
2019-10-25 09:13:44,931  INFO (TestNG-tests-1:com.testreport.ExtentReporter:logSuccess:125) - StepName - waitUntilElementIsClickable, StepDescription - Element clickable - (By - By.cssSelector: [id='user-name']) Passed
2019-10-25 09:13:45,086  INFO (TestNG-tests-1:dweb.aut.pages.templates.PageTemplate:sendKeys:52) - SendKeys Successful - (By - By.cssSelector: [id='user-name'], text - locked_out_user)
2019-10-25 09:13:45,087  INFO (TestNG-tests-1:com.testreport.ExtentReporter:logSuccess:125) - StepName - SendKeys, StepDescription - Entered Text - <mark>locked_out_user</mark> To field User Name Passed
2019-10-25 09:13:45,161  INFO (TestNG-tests-1:dweb.aut.pages.templates.PageTemplate:waitUntilElementIsClickable:218) - Element clickable - (By - By.cssSelector: [id='user-name'])
2019-10-25 09:13:45,162  INFO (TestNG-tests-1:com.testreport.ExtentReporter:logSuccess:125) - StepName - waitUntilElementIsClickable, StepDescription - Element clickable - (By - By.cssSelector: [id='user-name']) Passed
2019-10-25 09:13:45,198  INFO (TestNG-tests-1:dweb.aut.pages.templates.PageTemplate:getAttribute:150) - Method - getAttribute returns value - locked_out_user for attribute - value for Locator - By.cssSelector: [id='user-name']
2019-10-25 09:13:45,199  INFO (TestNG-tests-1:com.testreport.ExtentReporter:logInfo:175) - Method - <mark>getAttribute</mark> returns value - <mark>locked_out_user</mark> for attribute - <mark>value</mark> for Locator - <mark>By.cssSelector: [id='user-name']</mark>
2019-10-25 09:13:45,199  INFO (TestNG-tests-1:dweb.aut.pages.templates.PageTemplate:sendKeys:59) - SendKeys Successful - (By - By.cssSelector: [id='user-name'], text - locked_out_user)
2019-10-25 09:13:45,200  INFO (TestNG-tests-1:com.testreport.ExtentReporter:logSuccess:125) - StepName - input Text Validation, StepDescription - Text present in User Name field is "locked_out_user" Passed
2019-10-25 09:13:47,351  INFO (TestNG-tests-1:dweb.aut.pages.templates.PageTemplate:waitUntilElementIsClickable:218) - Element clickable - (By - By.cssSelector: [id='password'])
2019-10-25 09:13:47,351  INFO (TestNG-tests-1:com.testreport.ExtentReporter:logSuccess:125) - StepName - waitUntilElementIsClickable, StepDescription - Element clickable - (By - By.cssSelector: [id='password']) Passed
2019-10-25 09:13:47,494  INFO (TestNG-tests-1:dweb.aut.pages.templates.PageTemplate:sendKeys:52) - SendKeys Successful - (By - By.cssSelector: [id='password'], text - secret_sauce)
2019-10-25 09:13:47,495  INFO (TestNG-tests-1:com.testreport.ExtentReporter:logSuccess:125) - StepName - SendKeys, StepDescription - Entered Text - <mark>secret_sauce</mark> To field Password Passed
2019-10-25 09:13:47,572  INFO (TestNG-tests-1:dweb.aut.pages.templates.PageTemplate:waitUntilElementIsClickable:218) - Element clickable - (By - By.cssSelector: [id='password'])
2019-10-25 09:13:47,573  INFO (TestNG-tests-1:com.testreport.ExtentReporter:logSuccess:125) - StepName - waitUntilElementIsClickable, StepDescription - Element clickable - (By - By.cssSelector: [id='password']) Passed
2019-10-25 09:13:47,599  INFO (TestNG-tests-1:dweb.aut.pages.templates.PageTemplate:getAttribute:150) - Method - getAttribute returns value - secret_sauce for attribute - value for Locator - By.cssSelector: [id='password']
2019-10-25 09:13:47,600  INFO (TestNG-tests-1:com.testreport.ExtentReporter:logInfo:175) - Method - <mark>getAttribute</mark> returns value - <mark>secret_sauce</mark> for attribute - <mark>value</mark> for Locator - <mark>By.cssSelector: [id='password']</mark>
2019-10-25 09:13:47,600  INFO (TestNG-tests-1:dweb.aut.pages.templates.PageTemplate:sendKeys:59) - SendKeys Successful - (By - By.cssSelector: [id='password'], text - secret_sauce)
2019-10-25 09:13:47,601  INFO (TestNG-tests-1:com.testreport.ExtentReporter:logSuccess:125) - StepName - input Text Validation, StepDescription - Text present in Password field is "secret_sauce" Passed
2019-10-25 09:13:47,958  INFO (TestNG-tests-1:dweb.aut.pages.templates.PageTemplate:click:126) - Click Successful - (By - By.cssSelector: [type='submit'][value='LOGIN'])
2019-10-25 09:13:47,959  INFO (TestNG-tests-1:com.testreport.ExtentReporter:logSuccess:125) - StepName - Click, StepDescription - Click Performed On <mark>Login button</mark> Passed
2019-10-25 09:13:48,020  INFO (TestNG-tests-1:dweb.aut.pages.templates.PageTemplate:waitUntilElementIsVisible:244) - Element visible - (By - By.cssSelector: [data-test='error'])
2019-10-25 09:13:48,021  INFO (TestNG-tests-1:com.testreport.ExtentReporter:logSuccess:125) - StepName - waitUntilElementIsVisible, StepDescription - Element visible - (By - By.cssSelector: [data-test='error']) Passed
2019-10-25 09:13:48,066  INFO (TestNG-tests-1:dweb.aut.pages.templates.PageTemplate:waitUntilElementIsVisible:244) - Element visible - (By - By.cssSelector: [data-test='error'])
2019-10-25 09:13:48,067  INFO (TestNG-tests-1:com.testreport.ExtentReporter:logSuccess:125) - StepName - waitUntilElementIsVisible, StepDescription - Element visible - (By - By.cssSelector: [data-test='error']) Passed
2019-10-25 09:13:48,121  INFO (TestNG-tests-1:dweb.aut.pages.templates.PageTemplate:waitUntilElementIsClickable:218) - Element clickable - (By - By.cssSelector: [data-test='error'])
2019-10-25 09:13:48,122  INFO (TestNG-tests-1:com.testreport.ExtentReporter:logSuccess:125) - StepName - waitUntilElementIsClickable, StepDescription - Element clickable - (By - By.cssSelector: [data-test='error']) Passed
2019-10-25 09:13:48,169  INFO (TestNG-tests-1:dweb.aut.pages.templates.PageTemplate:getText:196) - Method - getText returns text - Epic sadface: Sorry, this user has been locked out. for Locator - By.cssSelector: [data-test='error']
2019-10-25 09:13:48,170  INFO (TestNG-tests-1:com.testreport.ExtentReporter:logInfo:175) - Method - <mark>text</mark> returns value - <mark>Epic sadface: Sorry, this user has been locked out.</mark> for Locator - <mark>By.cssSelector: [data-test='error']</mark>
2019-10-25 09:13:48,170  INFO (TestNG-tests-1:com.testreport.ExtentReporter:logSuccess:125) - StepName - Validate Text Present, StepDescription - Expected Test is Epic sadface: Sorry, this user has been locked out. Actual Text is Epic sadface: Sorry, this user has been locked out. Passed
2019-10-25 09:13:48,173  INFO (TestNG-tests-1:dweb.test.templates.TestTemplate:getTestParameter:45) - Test Execution Input Parameter = browserName, Value = FIREFOX
2019-10-25 09:13:48,174  INFO (TestNG-tests-1:com.testreport.ExtentReporter:logInfo:175) - Thread - 12 , Completes Executing Test Method - lockedUserLogin On Browser - FIREFOX
2019-10-25 09:13:50,779  INFO (TestNG-tests-1:com.testreport.ExtentReporter:initTestCase:90) - ExtentTest Created - com.aventstack.extentreports.ExtentTest@3e4cd823 Created, With Name - TestSWAG-performanceUserLogin
2019-10-25 09:13:50,779  INFO (TestNG-tests-1:dweb.test.templates.TestTemplate:getTestParameter:45) - Test Execution Input Parameter = appURL, Value = https://www.saucedemo.com/index.html
2019-10-25 09:13:56,926  INFO (TestNG-tests-1:com.factories.WebDriverFactory:getLocalWebDriver:84) - Driver Initialized For Browser - Firefox
2019-10-25 09:13:58,431  INFO (TestNG-tests-1:dweb.test.templates.TestTemplate:getTestParameter:45) - Test Execution Input Parameter = browserName, Value = FIREFOX
2019-10-25 09:13:58,432  INFO (TestNG-tests-1:dweb.test.templates.TestTemplate:getTestParameter:45) - Test Execution Input Parameter = appURL, Value = https://www.saucedemo.com/index.html
2019-10-25 09:13:58,433  INFO (TestNG-tests-1:com.testreport.ExtentReporter:logInfo:175) - Thread - 12 , Executes Next Test Method - performanceUserLogin On Browser - FIREFOX On URL - https://www.saucedemo.com/index.html
2019-10-25 09:13:58,514  INFO (TestNG-tests-1:dweb.aut.pages.templates.PageTemplate:waitUntilElementIsVisible:244) - Element visible - (By - By.cssSelector: [id='user-name'])
2019-10-25 09:13:58,514  INFO (TestNG-tests-1:com.testreport.ExtentReporter:logSuccess:125) - StepName - waitUntilElementIsVisible, StepDescription - Element visible - (By - By.cssSelector: [id='user-name']) Passed
2019-10-25 09:13:58,579  INFO (TestNG-tests-1:dweb.aut.pages.templates.PageTemplate:waitUntilElementIsClickable:218) - Element clickable - (By - By.cssSelector: [id='user-name'])
2019-10-25 09:13:58,579  INFO (TestNG-tests-1:com.testreport.ExtentReporter:logSuccess:125) - StepName - waitUntilElementIsClickable, StepDescription - Element clickable - (By - By.cssSelector: [id='user-name']) Passed
2019-10-25 09:13:58,757  INFO (TestNG-tests-1:dweb.aut.pages.templates.PageTemplate:sendKeys:52) - SendKeys Successful - (By - By.cssSelector: [id='user-name'], text - performance_glitch_user)
2019-10-25 09:13:58,758  INFO (TestNG-tests-1:com.testreport.ExtentReporter:logSuccess:125) - StepName - SendKeys, StepDescription - Entered Text - <mark>performance_glitch_user</mark> To field User Name Passed
2019-10-25 09:13:58,831  INFO (TestNG-tests-1:dweb.aut.pages.templates.PageTemplate:waitUntilElementIsClickable:218) - Element clickable - (By - By.cssSelector: [id='user-name'])
2019-10-25 09:13:58,832  INFO (TestNG-tests-1:com.testreport.ExtentReporter:logSuccess:125) - StepName - waitUntilElementIsClickable, StepDescription - Element clickable - (By - By.cssSelector: [id='user-name']) Passed
2019-10-25 09:13:58,858  INFO (TestNG-tests-1:dweb.aut.pages.templates.PageTemplate:getAttribute:150) - Method - getAttribute returns value - performance_glitch_user for attribute - value for Locator - By.cssSelector: [id='user-name']
2019-10-25 09:13:58,858  INFO (TestNG-tests-1:com.testreport.ExtentReporter:logInfo:175) - Method - <mark>getAttribute</mark> returns value - <mark>performance_glitch_user</mark> for attribute - <mark>value</mark> for Locator - <mark>By.cssSelector: [id='user-name']</mark>
2019-10-25 09:13:58,859  INFO (TestNG-tests-1:dweb.aut.pages.templates.PageTemplate:sendKeys:59) - SendKeys Successful - (By - By.cssSelector: [id='user-name'], text - performance_glitch_user)
2019-10-25 09:13:58,859  INFO (TestNG-tests-1:com.testreport.ExtentReporter:logSuccess:125) - StepName - input Text Validation, StepDescription - Text present in User Name field is "performance_glitch_user" Passed
2019-10-25 09:14:00,923  INFO (TestNG-tests-1:dweb.aut.pages.templates.PageTemplate:waitUntilElementIsClickable:218) - Element clickable - (By - By.cssSelector: [id='password'])
2019-10-25 09:14:00,924  INFO (TestNG-tests-1:com.testreport.ExtentReporter:logSuccess:125) - StepName - waitUntilElementIsClickable, StepDescription - Element clickable - (By - By.cssSelector: [id='password']) Passed
2019-10-25 09:14:01,026  INFO (TestNG-tests-1:dweb.aut.pages.templates.PageTemplate:sendKeys:52) - SendKeys Successful - (By - By.cssSelector: [id='password'], text - secret_sauce)
2019-10-25 09:14:01,027  INFO (TestNG-tests-1:com.testreport.ExtentReporter:logSuccess:125) - StepName - SendKeys, StepDescription - Entered Text - <mark>secret_sauce</mark> To field Password Passed
2019-10-25 09:14:01,196  INFO (TestNG-tests-1:dweb.aut.pages.templates.PageTemplate:waitUntilElementIsClickable:218) - Element clickable - (By - By.cssSelector: [id='password'])
2019-10-25 09:14:01,198  INFO (TestNG-tests-1:com.testreport.ExtentReporter:logSuccess:125) - StepName - waitUntilElementIsClickable, StepDescription - Element clickable - (By - By.cssSelector: [id='password']) Passed
2019-10-25 09:14:01,270  INFO (TestNG-tests-1:dweb.aut.pages.templates.PageTemplate:getAttribute:150) - Method - getAttribute returns value - secret_sauce for attribute - value for Locator - By.cssSelector: [id='password']
2019-10-25 09:14:01,271  INFO (TestNG-tests-1:com.testreport.ExtentReporter:logInfo:175) - Method - <mark>getAttribute</mark> returns value - <mark>secret_sauce</mark> for attribute - <mark>value</mark> for Locator - <mark>By.cssSelector: [id='password']</mark>
2019-10-25 09:14:01,272  INFO (TestNG-tests-1:dweb.aut.pages.templates.PageTemplate:sendKeys:59) - SendKeys Successful - (By - By.cssSelector: [id='password'], text - secret_sauce)
2019-10-25 09:14:01,272  INFO (TestNG-tests-1:com.testreport.ExtentReporter:logSuccess:125) - StepName - input Text Validation, StepDescription - Text present in Password field is "secret_sauce" Passed
2019-10-25 09:14:08,224  INFO (TestNG-tests-1:dweb.aut.pages.templates.PageTemplate:click:126) - Click Successful - (By - By.cssSelector: [type='submit'][value='LOGIN'])
2019-10-25 09:14:08,225  INFO (TestNG-tests-1:com.testreport.ExtentReporter:logSuccess:125) - StepName - Click, StepDescription - Click Performed On <mark>Login button</mark> Passed
2019-10-25 09:14:08,349  INFO (TestNG-tests-1:dweb.aut.pages.templates.PageTemplate:waitUntilElementIsVisible:244) - Element visible - (By - By.cssSelector: [id='shopping_cart_container'])
2019-10-25 09:14:08,350  INFO (TestNG-tests-1:com.testreport.ExtentReporter:logSuccess:125) - StepName - waitUntilElementIsVisible, StepDescription - Element visible - (By - By.cssSelector: [id='shopping_cart_container']) Passed
2019-10-25 09:14:08,489  INFO (TestNG-tests-1:dweb.aut.pages.templates.PageTemplate:waitUntilElementIsClickable:218) - Element clickable - (By - By.cssSelector: [class='bm-burger-button'])
2019-10-25 09:14:08,490  INFO (TestNG-tests-1:com.testreport.ExtentReporter:logSuccess:125) - StepName - waitUntilElementIsClickable, StepDescription - Element clickable - (By - By.cssSelector: [class='bm-burger-button']) Passed
2019-10-25 09:14:08,893  INFO (TestNG-tests-1:dweb.aut.pages.templates.PageTemplate:click:126) - Click Successful - (By - By.cssSelector: [class='bm-burger-button'])
2019-10-25 09:14:08,893  INFO (TestNG-tests-1:com.testreport.ExtentReporter:logSuccess:125) - StepName - Click, StepDescription - Click Performed On <mark>Burger Button</mark> Passed
2019-10-25 09:14:08,993  INFO (TestNG-tests-1:dweb.aut.pages.templates.PageTemplate:waitUntilElementIsVisible:244) - Element visible - (By - By.cssSelector: [id='logout_sidebar_link'])
2019-10-25 09:14:08,995  INFO (TestNG-tests-1:com.testreport.ExtentReporter:logSuccess:125) - StepName - waitUntilElementIsVisible, StepDescription - Element visible - (By - By.cssSelector: [id='logout_sidebar_link']) Passed
2019-10-25 09:14:09,115  INFO (TestNG-tests-1:dweb.aut.pages.templates.PageTemplate:waitUntilElementIsClickable:218) - Element clickable - (By - By.cssSelector: [id='logout_sidebar_link'])
2019-10-25 09:14:09,116  INFO (TestNG-tests-1:com.testreport.ExtentReporter:logSuccess:125) - StepName - waitUntilElementIsClickable, StepDescription - Element clickable - (By - By.cssSelector: [id='logout_sidebar_link']) Passed
2019-10-25 09:14:11,492  INFO (TestNG-tests-1:dweb.aut.pages.templates.PageTemplate:click:126) - Click Successful - (By - By.cssSelector: [id='logout_sidebar_link'])
2019-10-25 09:14:11,493  INFO (TestNG-tests-1:com.testreport.ExtentReporter:logSuccess:125) - StepName - Click, StepDescription - Click Performed On <mark>logout</mark> Passed
2019-10-25 09:14:11,559  INFO (TestNG-tests-1:dweb.aut.pages.templates.PageTemplate:waitUntilElementIsVisible:244) - Element visible - (By - By.cssSelector: [id='user-name'])
2019-10-25 09:14:11,560  INFO (TestNG-tests-1:com.testreport.ExtentReporter:logSuccess:125) - StepName - waitUntilElementIsVisible, StepDescription - Element visible - (By - By.cssSelector: [id='user-name']) Passed
2019-10-25 09:14:11,563  INFO (TestNG-tests-1:dweb.test.templates.TestTemplate:getTestParameter:45) - Test Execution Input Parameter = browserName, Value = FIREFOX
2019-10-25 09:14:11,564  INFO (TestNG-tests-1:com.testreport.ExtentReporter:logInfo:175) - Thread - 12 , Completes Executing Test Method - performanceUserLogin On Browser - FIREFOX
2019-10-25 09:14:14,029  INFO (TestNG-tests-1:com.testreport.ExtentReporter:initTestCase:90) - ExtentTest Created - com.aventstack.extentreports.ExtentTest@59588226 Created, With Name - TestSWAG-problemUserLogin
2019-10-25 09:14:14,029  INFO (TestNG-tests-1:dweb.test.templates.TestTemplate:getTestParameter:45) - Test Execution Input Parameter = appURL, Value = https://www.saucedemo.com/index.html
2019-10-25 09:14:20,862  INFO (TestNG-tests-1:com.factories.WebDriverFactory:getLocalWebDriver:84) - Driver Initialized For Browser - Firefox
2019-10-25 09:14:22,478  INFO (TestNG-tests-1:dweb.test.templates.TestTemplate:getTestParameter:45) - Test Execution Input Parameter = browserName, Value = FIREFOX
2019-10-25 09:14:22,479  INFO (TestNG-tests-1:dweb.test.templates.TestTemplate:getTestParameter:45) - Test Execution Input Parameter = appURL, Value = https://www.saucedemo.com/index.html
2019-10-25 09:14:22,480  INFO (TestNG-tests-1:com.testreport.ExtentReporter:logInfo:175) - Thread - 12 , Executes Next Test Method - problemUserLogin On Browser - FIREFOX On URL - https://www.saucedemo.com/index.html
2019-10-25 09:14:22,563  INFO (TestNG-tests-1:dweb.aut.pages.templates.PageTemplate:waitUntilElementIsVisible:244) - Element visible - (By - By.cssSelector: [id='user-name'])
2019-10-25 09:14:22,564  INFO (TestNG-tests-1:com.testreport.ExtentReporter:logSuccess:125) - StepName - waitUntilElementIsVisible, StepDescription - Element visible - (By - By.cssSelector: [id='user-name']) Passed
2019-10-25 09:14:22,643  INFO (TestNG-tests-1:dweb.aut.pages.templates.PageTemplate:waitUntilElementIsClickable:218) - Element clickable - (By - By.cssSelector: [id='user-name'])
2019-10-25 09:14:22,644  INFO (TestNG-tests-1:com.testreport.ExtentReporter:logSuccess:125) - StepName - waitUntilElementIsClickable, StepDescription - Element clickable - (By - By.cssSelector: [id='user-name']) Passed
2019-10-25 09:14:22,820  INFO (TestNG-tests-1:dweb.aut.pages.templates.PageTemplate:sendKeys:52) - SendKeys Successful - (By - By.cssSelector: [id='user-name'], text - problem_user)
2019-10-25 09:14:22,821  INFO (TestNG-tests-1:com.testreport.ExtentReporter:logSuccess:125) - StepName - SendKeys, StepDescription - Entered Text - <mark>problem_user</mark> To field User Name Passed
2019-10-25 09:14:22,926  INFO (TestNG-tests-1:dweb.aut.pages.templates.PageTemplate:waitUntilElementIsClickable:218) - Element clickable - (By - By.cssSelector: [id='user-name'])
2019-10-25 09:14:22,927  INFO (TestNG-tests-1:com.testreport.ExtentReporter:logSuccess:125) - StepName - waitUntilElementIsClickable, StepDescription - Element clickable - (By - By.cssSelector: [id='user-name']) Passed
2019-10-25 09:14:22,961  INFO (TestNG-tests-1:dweb.aut.pages.templates.PageTemplate:getAttribute:150) - Method - getAttribute returns value - problem_user for attribute - value for Locator - By.cssSelector: [id='user-name']
2019-10-25 09:14:22,962  INFO (TestNG-tests-1:com.testreport.ExtentReporter:logInfo:175) - Method - <mark>getAttribute</mark> returns value - <mark>problem_user</mark> for attribute - <mark>value</mark> for Locator - <mark>By.cssSelector: [id='user-name']</mark>
2019-10-25 09:14:22,963  INFO (TestNG-tests-1:dweb.aut.pages.templates.PageTemplate:sendKeys:59) - SendKeys Successful - (By - By.cssSelector: [id='user-name'], text - problem_user)
2019-10-25 09:14:22,963  INFO (TestNG-tests-1:com.testreport.ExtentReporter:logSuccess:125) - StepName - input Text Validation, StepDescription - Text present in User Name field is "problem_user" Passed
2019-10-25 09:14:25,033  INFO (TestNG-tests-1:dweb.aut.pages.templates.PageTemplate:waitUntilElementIsClickable:218) - Element clickable - (By - By.cssSelector: [id='password'])
2019-10-25 09:14:25,033  INFO (TestNG-tests-1:com.testreport.ExtentReporter:logSuccess:125) - StepName - waitUntilElementIsClickable, StepDescription - Element clickable - (By - By.cssSelector: [id='password']) Passed
2019-10-25 09:14:25,136  INFO (TestNG-tests-1:dweb.aut.pages.templates.PageTemplate:sendKeys:52) - SendKeys Successful - (By - By.cssSelector: [id='password'], text - secret_sauce)
2019-10-25 09:14:25,137  INFO (TestNG-tests-1:com.testreport.ExtentReporter:logSuccess:125) - StepName - SendKeys, StepDescription - Entered Text - <mark>secret_sauce</mark> To field Password Passed
2019-10-25 09:14:25,212  INFO (TestNG-tests-1:dweb.aut.pages.templates.PageTemplate:waitUntilElementIsClickable:218) - Element clickable - (By - By.cssSelector: [id='password'])
2019-10-25 09:14:25,213  INFO (TestNG-tests-1:com.testreport.ExtentReporter:logSuccess:125) - StepName - waitUntilElementIsClickable, StepDescription - Element clickable - (By - By.cssSelector: [id='password']) Passed
2019-10-25 09:14:25,239  INFO (TestNG-tests-1:dweb.aut.pages.templates.PageTemplate:getAttribute:150) - Method - getAttribute returns value - secret_sauce for attribute - value for Locator - By.cssSelector: [id='password']
2019-10-25 09:14:25,239  INFO (TestNG-tests-1:com.testreport.ExtentReporter:logInfo:175) - Method - <mark>getAttribute</mark> returns value - <mark>secret_sauce</mark> for attribute - <mark>value</mark> for Locator - <mark>By.cssSelector: [id='password']</mark>
2019-10-25 09:14:25,240  INFO (TestNG-tests-1:dweb.aut.pages.templates.PageTemplate:sendKeys:59) - SendKeys Successful - (By - By.cssSelector: [id='password'], text - secret_sauce)
2019-10-25 09:14:25,240  INFO (TestNG-tests-1:com.testreport.ExtentReporter:logSuccess:125) - StepName - input Text Validation, StepDescription - Text present in Password field is "secret_sauce" Passed
2019-10-25 09:14:26,181  INFO (TestNG-tests-1:dweb.aut.pages.templates.PageTemplate:click:126) - Click Successful - (By - By.cssSelector: [type='submit'][value='LOGIN'])
2019-10-25 09:14:26,182  INFO (TestNG-tests-1:com.testreport.ExtentReporter:logSuccess:125) - StepName - Click, StepDescription - Click Performed On <mark>Login button</mark> Passed
2019-10-25 09:14:46,282 ERROR (TestNG-tests-1:dweb.aut.pages.templates.PageTemplate:waitUntilElementIsVisible:250) - Exception Encountered - Expected condition failed: waiting for visibility of element located by By.cssSelector: [data-test='error'] (tried for 20 second(s) with 500 milliseconds interval)
2019-10-25 09:14:46,648 ERROR (TestNG-tests-1:com.testreport.ExtentReporter:logFailure:163) - StepName - Wait for Element - By.cssSelector: [data-test='error'], StepDescription - Exception Encountered - Expected condition failed: waiting for visibility of element located by By.cssSelector: [data-test='error'] (tried for 20 second(s) with 500 milliseconds interval), StackTrace - [Ljava.lang.StackTraceElement;@71c581ec Failed, ScreenShot - ErrorScreenshots\Screenshot_12_25-10-2019_09_14_46_284_1.jpg
2019-10-25 09:14:46,654 ERROR (TestNG-tests-1:com.testreport.ExtentReporter:logException:225) - Expected condition failed: waiting for visibility of element located by By.cssSelector: [data-test='error'] (tried for 20 second(s) with 500 milliseconds interval)
org.openqa.selenium.TimeoutException: Expected condition failed: waiting for visibility of element located by By.cssSelector: [data-test='error'] (tried for 20 second(s) with 500 milliseconds interval)
	at org.openqa.selenium.support.ui.WebDriverWait.timeoutException(WebDriverWait.java:95)
	at org.openqa.selenium.support.ui.FluentWait.until(FluentWait.java:272)
	at dweb.aut.pages.templates.PageTemplate.waitUntilElementIsVisible(PageTemplate.java:243)
	at pages.ctis.HomePage.verifyApplicationDisplayedError(HomePage.java:61)
	at test.swag.testcase.SWAGlabs.problemUserLogin(SWAGlabs.java:81)
	at sun.reflect.NativeMethodAccessorImpl.invoke0(Native Method)
	at sun.reflect.NativeMethodAccessorImpl.invoke(NativeMethodAccessorImpl.java:62)
	at sun.reflect.DelegatingMethodAccessorImpl.invoke(DelegatingMethodAccessorImpl.java:43)
	at java.lang.reflect.Method.invoke(Method.java:498)
	at org.testng.internal.MethodInvocationHelper.invokeMethod(MethodInvocationHelper.java:108)
	at org.testng.internal.Invoker.invokeMethod(Invoker.java:661)
	at org.testng.internal.Invoker.invokeTestMethod(Invoker.java:869)
	at org.testng.internal.Invoker.invokeTestMethods(Invoker.java:1193)
	at org.testng.internal.TestMethodWorker.invokeTestMethods(TestMethodWorker.java:126)
	at org.testng.internal.TestMethodWorker.run(TestMethodWorker.java:109)
	at org.testng.TestRunner.privateRun(TestRunner.java:744)
	at org.testng.TestRunner.run(TestRunner.java:602)
	at org.testng.SuiteRunner.runTest(SuiteRunner.java:380)
	at org.testng.SuiteRunner.access$000(SuiteRunner.java:39)
	at org.testng.SuiteRunner$SuiteWorker.run(SuiteRunner.java:414)
	at org.testng.internal.thread.ThreadUtil$1.call(ThreadUtil.java:52)
	at java.util.concurrent.FutureTask.run(FutureTask.java:266)
	at java.util.concurrent.ThreadPoolExecutor.runWorker(ThreadPoolExecutor.java:1149)
	at java.util.concurrent.ThreadPoolExecutor$Worker.run(ThreadPoolExecutor.java:624)
	at java.lang.Thread.run(Thread.java:748)
Caused by: org.openqa.selenium.NoSuchElementException: Unable to locate element: [data-test='error']
For documentation on this error, please visit: https://www.seleniumhq.org/exceptions/no_such_element.html
Build info: version: '3.141.59', revision: 'e82be7d358', time: '2018-11-14T08:25:48'
System info: host: 'DESKTOP-IGGMB0E', ip: '192.168.137.1', os.name: 'Windows 10', os.arch: 'amd64', os.version: '10.0', java.version: '1.8.0_144'
Driver info: org.openqa.selenium.firefox.FirefoxDriver
Capabilities {acceptInsecureCerts: true, browserName: firefox, browserVersion: 70.0, javascriptEnabled: true, moz:accessibilityChecks: false, moz:buildID: 20191016161957, moz:geckodriverVersion: 0.26.0, moz:headless: false, moz:processID: 17632, moz:profile: C:\Users\manish\AppData\Loc..., moz:shutdownTimeout: 60000, moz:useNonSpecCompliantPointerOrigin: false, moz:webdriverClick: true, pageLoadStrategy: normal, platform: WINDOWS, platformName: WINDOWS, platformVersion: 10.0, rotatable: false, setWindowRect: true, strictFileInteractability: false, timeouts: {implicit: 0, pageLoad: 300000, script: 30000}, unhandledPromptBehavior: dismiss and notify}
Session ID: ed08858a-f1db-422a-a859-71ae3c6e09a5
*** Element info: {Using=css selector, value=[data-test='error']}
	at sun.reflect.NativeConstructorAccessorImpl.newInstance0(Native Method)
	at sun.reflect.NativeConstructorAccessorImpl.newInstance(NativeConstructorAccessorImpl.java:62)
	at sun.reflect.DelegatingConstructorAccessorImpl.newInstance(DelegatingConstructorAccessorImpl.java:45)
	at java.lang.reflect.Constructor.newInstance(Constructor.java:423)
	at org.openqa.selenium.remote.http.W3CHttpResponseCodec.createException(W3CHttpResponseCodec.java:187)
	at org.openqa.selenium.remote.http.W3CHttpResponseCodec.decode(W3CHttpResponseCodec.java:122)
	at org.openqa.selenium.remote.http.W3CHttpResponseCodec.decode(W3CHttpResponseCodec.java:49)
	at org.openqa.selenium.remote.HttpCommandExecutor.execute(HttpCommandExecutor.java:158)
	at org.openqa.selenium.remote.service.DriverCommandExecutor.execute(DriverCommandExecutor.java:83)
	at org.openqa.selenium.remote.RemoteWebDriver.execute(RemoteWebDriver.java:552)
	at org.openqa.selenium.remote.RemoteWebDriver.findElement(RemoteWebDriver.java:323)
	at org.openqa.selenium.remote.RemoteWebDriver.findElementByCssSelector(RemoteWebDriver.java:420)
	at org.openqa.selenium.By$ByCssSelector.findElement(By.java:431)
	at org.openqa.selenium.remote.RemoteWebDriver.findElement(RemoteWebDriver.java:315)
	at org.openqa.selenium.support.ui.ExpectedConditions$7.apply(ExpectedConditions.java:205)
	at org.openqa.selenium.support.ui.ExpectedConditions$7.apply(ExpectedConditions.java:201)
	at org.openqa.selenium.support.ui.FluentWait.until(FluentWait.java:249)
	... 23 more
2019-10-25 09:14:46,664  INFO (TestNG-tests-1:dweb.test.templates.TestTemplate:getTestParameter:45) - Test Execution Input Parameter = browserName, Value = FIREFOX
2019-10-25 09:14:46,667  INFO (TestNG-tests-1:com.testreport.ExtentReporter:logInfo:175) - Thread - 12 , Completes Executing Test Method - problemUserLogin On Browser - FIREFOX
2019-10-25 09:14:48,843  INFO (TestNG-tests-1:com.testreport.ExtentReporter:initTestCase:90) - ExtentTest Created - com.aventstack.extentreports.ExtentTest@8680794 Created, With Name - TestSWAG-standardUserLogin
2019-10-25 09:14:48,844  INFO (TestNG-tests-1:dweb.test.templates.TestTemplate:getTestParameter:45) - Test Execution Input Parameter = appURL, Value = https://www.saucedemo.com/index.html
2019-10-25 09:14:55,584  INFO (TestNG-tests-1:com.factories.WebDriverFactory:getLocalWebDriver:84) - Driver Initialized For Browser - Firefox
2019-10-25 09:14:57,664  INFO (TestNG-tests-1:dweb.test.templates.TestTemplate:getTestParameter:45) - Test Execution Input Parameter = browserName, Value = FIREFOX
2019-10-25 09:14:57,665  INFO (TestNG-tests-1:dweb.test.templates.TestTemplate:getTestParameter:45) - Test Execution Input Parameter = appURL, Value = https://www.saucedemo.com/index.html
2019-10-25 09:14:57,666  INFO (TestNG-tests-1:com.testreport.ExtentReporter:logInfo:175) - Thread - 12 , Executes Next Test Method - standardUserLogin On Browser - FIREFOX On URL - https://www.saucedemo.com/index.html
2019-10-25 09:14:57,728  INFO (TestNG-tests-1:dweb.aut.pages.templates.PageTemplate:waitUntilElementIsVisible:244) - Element visible - (By - By.cssSelector: [id='user-name'])
2019-10-25 09:14:57,729  INFO (TestNG-tests-1:com.testreport.ExtentReporter:logSuccess:125) - StepName - waitUntilElementIsVisible, StepDescription - Element visible - (By - By.cssSelector: [id='user-name']) Passed
2019-10-25 09:14:57,789  INFO (TestNG-tests-1:dweb.aut.pages.templates.PageTemplate:waitUntilElementIsClickable:218) - Element clickable - (By - By.cssSelector: [id='user-name'])
2019-10-25 09:14:57,790  INFO (TestNG-tests-1:com.testreport.ExtentReporter:logSuccess:125) - StepName - waitUntilElementIsClickable, StepDescription - Element clickable - (By - By.cssSelector: [id='user-name']) Passed
2019-10-25 09:14:57,923  INFO (TestNG-tests-1:dweb.aut.pages.templates.PageTemplate:sendKeys:52) - SendKeys Successful - (By - By.cssSelector: [id='user-name'], text - standard_user)
2019-10-25 09:14:57,925  INFO (TestNG-tests-1:com.testreport.ExtentReporter:logSuccess:125) - StepName - SendKeys, StepDescription - Entered Text - <mark>standard_user</mark> To field User Name Passed
2019-10-25 09:14:58,021  INFO (TestNG-tests-1:dweb.aut.pages.templates.PageTemplate:waitUntilElementIsClickable:218) - Element clickable - (By - By.cssSelector: [id='user-name'])
2019-10-25 09:14:58,022  INFO (TestNG-tests-1:com.testreport.ExtentReporter:logSuccess:125) - StepName - waitUntilElementIsClickable, StepDescription - Element clickable - (By - By.cssSelector: [id='user-name']) Passed
2019-10-25 09:14:58,051  INFO (TestNG-tests-1:dweb.aut.pages.templates.PageTemplate:getAttribute:150) - Method - getAttribute returns value - standard_user for attribute - value for Locator - By.cssSelector: [id='user-name']
2019-10-25 09:14:58,051  INFO (TestNG-tests-1:com.testreport.ExtentReporter:logInfo:175) - Method - <mark>getAttribute</mark> returns value - <mark>standard_user</mark> for attribute - <mark>value</mark> for Locator - <mark>By.cssSelector: [id='user-name']</mark>
2019-10-25 09:14:58,052  INFO (TestNG-tests-1:dweb.aut.pages.templates.PageTemplate:sendKeys:59) - SendKeys Successful - (By - By.cssSelector: [id='user-name'], text - standard_user)
2019-10-25 09:14:58,052  INFO (TestNG-tests-1:com.testreport.ExtentReporter:logSuccess:125) - StepName - input Text Validation, StepDescription - Text present in User Name field is "standard_user" Passed
2019-10-25 09:15:00,110  INFO (TestNG-tests-1:dweb.aut.pages.templates.PageTemplate:waitUntilElementIsClickable:218) - Element clickable - (By - By.cssSelector: [id='password'])
2019-10-25 09:15:00,111  INFO (TestNG-tests-1:com.testreport.ExtentReporter:logSuccess:125) - StepName - waitUntilElementIsClickable, StepDescription - Element clickable - (By - By.cssSelector: [id='password']) Passed
2019-10-25 09:15:00,206  INFO (TestNG-tests-1:dweb.aut.pages.templates.PageTemplate:sendKeys:52) - SendKeys Successful - (By - By.cssSelector: [id='password'], text - secret_sauce)
2019-10-25 09:15:00,207  INFO (TestNG-tests-1:com.testreport.ExtentReporter:logSuccess:125) - StepName - SendKeys, StepDescription - Entered Text - <mark>secret_sauce</mark> To field Password Passed
2019-10-25 09:15:00,283  INFO (TestNG-tests-1:dweb.aut.pages.templates.PageTemplate:waitUntilElementIsClickable:218) - Element clickable - (By - By.cssSelector: [id='password'])
2019-10-25 09:15:00,284  INFO (TestNG-tests-1:com.testreport.ExtentReporter:logSuccess:125) - StepName - waitUntilElementIsClickable, StepDescription - Element clickable - (By - By.cssSelector: [id='password']) Passed
2019-10-25 09:15:00,311  INFO (TestNG-tests-1:dweb.aut.pages.templates.PageTemplate:getAttribute:150) - Method - getAttribute returns value - secret_sauce for attribute - value for Locator - By.cssSelector: [id='password']
2019-10-25 09:15:00,312  INFO (TestNG-tests-1:com.testreport.ExtentReporter:logInfo:175) - Method - <mark>getAttribute</mark> returns value - <mark>secret_sauce</mark> for attribute - <mark>value</mark> for Locator - <mark>By.cssSelector: [id='password']</mark>
2019-10-25 09:15:00,312  INFO (TestNG-tests-1:dweb.aut.pages.templates.PageTemplate:sendKeys:59) - SendKeys Successful - (By - By.cssSelector: [id='password'], text - secret_sauce)
2019-10-25 09:15:00,313  INFO (TestNG-tests-1:com.testreport.ExtentReporter:logSuccess:125) - StepName - input Text Validation, StepDescription - Text present in Password field is "secret_sauce" Passed
2019-10-25 09:15:01,552  INFO (TestNG-tests-1:dweb.aut.pages.templates.PageTemplate:click:126) - Click Successful - (By - By.cssSelector: [type='submit'][value='LOGIN'])
2019-10-25 09:15:01,555  INFO (TestNG-tests-1:com.testreport.ExtentReporter:logSuccess:125) - StepName - Click, StepDescription - Click Performed On <mark>Login button</mark> Passed
2019-10-25 09:15:01,650  INFO (TestNG-tests-1:dweb.aut.pages.templates.PageTemplate:waitUntilElementIsVisible:244) - Element visible - (By - By.cssSelector: [id='shopping_cart_container'])
2019-10-25 09:15:01,651  INFO (TestNG-tests-1:com.testreport.ExtentReporter:logSuccess:125) - StepName - waitUntilElementIsVisible, StepDescription - Element visible - (By - By.cssSelector: [id='shopping_cart_container']) Passed
2019-10-25 09:15:01,732  INFO (TestNG-tests-1:dweb.aut.pages.templates.PageTemplate:waitUntilElementIsClickable:218) - Element clickable - (By - By.cssSelector: [class='bm-burger-button'])
2019-10-25 09:15:01,733  INFO (TestNG-tests-1:com.testreport.ExtentReporter:logSuccess:125) - StepName - waitUntilElementIsClickable, StepDescription - Element clickable - (By - By.cssSelector: [class='bm-burger-button']) Passed
2019-10-25 09:15:02,129  INFO (TestNG-tests-1:dweb.aut.pages.templates.PageTemplate:click:126) - Click Successful - (By - By.cssSelector: [class='bm-burger-button'])
2019-10-25 09:15:02,130  INFO (TestNG-tests-1:com.testreport.ExtentReporter:logSuccess:125) - StepName - Click, StepDescription - Click Performed On <mark>Burger Button</mark> Passed
2019-10-25 09:15:02,220  INFO (TestNG-tests-1:dweb.aut.pages.templates.PageTemplate:waitUntilElementIsVisible:244) - Element visible - (By - By.cssSelector: [id='logout_sidebar_link'])
2019-10-25 09:15:02,222  INFO (TestNG-tests-1:com.testreport.ExtentReporter:logSuccess:125) - StepName - waitUntilElementIsVisible, StepDescription - Element visible - (By - By.cssSelector: [id='logout_sidebar_link']) Passed
2019-10-25 09:15:02,339  INFO (TestNG-tests-1:dweb.aut.pages.templates.PageTemplate:waitUntilElementIsClickable:218) - Element clickable - (By - By.cssSelector: [id='logout_sidebar_link'])
2019-10-25 09:15:02,339  INFO (TestNG-tests-1:com.testreport.ExtentReporter:logSuccess:125) - StepName - waitUntilElementIsClickable, StepDescription - Element clickable - (By - By.cssSelector: [id='logout_sidebar_link']) Passed
2019-10-25 09:15:04,725  INFO (TestNG-tests-1:dweb.aut.pages.templates.PageTemplate:click:126) - Click Successful - (By - By.cssSelector: [id='logout_sidebar_link'])
2019-10-25 09:15:04,727  INFO (TestNG-tests-1:com.testreport.ExtentReporter:logSuccess:125) - StepName - Click, StepDescription - Click Performed On <mark>logout</mark> Passed
2019-10-25 09:15:04,794  INFO (TestNG-tests-1:dweb.aut.pages.templates.PageTemplate:waitUntilElementIsVisible:244) - Element visible - (By - By.cssSelector: [id='user-name'])
2019-10-25 09:15:04,795  INFO (TestNG-tests-1:com.testreport.ExtentReporter:logSuccess:125) - StepName - waitUntilElementIsVisible, StepDescription - Element visible - (By - By.cssSelector: [id='user-name']) Passed
2019-10-25 09:15:04,797  INFO (TestNG-tests-1:dweb.test.templates.TestTemplate:getTestParameter:45) - Test Execution Input Parameter = browserName, Value = FIREFOX
2019-10-25 09:15:04,798  INFO (TestNG-tests-1:com.testreport.ExtentReporter:logInfo:175) - Thread - 12 , Completes Executing Test Method - standardUserLogin On Browser - FIREFOX
