<?xml version="1.0" encoding="UTF-8"?>
<!-- Generated by org.testng.reporters.JUnitXMLReporter -->
<testsuite hostname="DESKTOP-IGGMB0E" ignored="0" name="TestSWAG" tests="5" failures="1" timestamp="25 Oct 2019 16:15:07 GMT" time="110.881" errors="0">
  <testcase name="invalidPasswordLogin" time="3.506" classname="test.swag.testcase.SWAGlabs"/>
  <testcase name="lockedUserLogin" time="3.409" classname="test.swag.testcase.SWAGlabs"/>
  <testcase name="performanceUserLogin" time="13.127" classname="test.swag.testcase.SWAGlabs"/>
  <testcase name="problemUserLogin" time="24.181" classname="test.swag.testcase.SWAGlabs">
    <failure type="java.lang.AssertionError" message="The following asserts failed:
	Expected condition failed: waiting for visibility of element located by By.cssSelector: [data-test=&amp;apos;error&amp;apos;] (tried for 20 second(s) with 500 milliseconds interval)">
      <![CDATA[java.lang.AssertionError: The following asserts failed:
	Expected condition failed: waiting for visibility of element located by By.cssSelector: [data-test='error'] (tried for 20 second(s) with 500 milliseconds interval)
	at dweb.aut.pages.templates.PageTemplate.waitUntilElementIsVisible(PageTemplate.java:257)
	at pages.ctis.HomePage.verifyApplicationDisplayedError(HomePage.java:61)
	at test.swag.testcase.SWAGlabs.problemUserLogin(SWAGlabs.java:81)
	at java.util.concurrent.FutureTask.run(FutureTask.java:266)
	at java.util.concurrent.ThreadPoolExecutor.runWorker(ThreadPoolExecutor.java:1149)
	at java.util.concurrent.ThreadPoolExecutor$Worker.run(ThreadPoolExecutor.java:624)
	at java.lang.Thread.run(Thread.java:748)
... Removed 17 stack frames]]>
    </failure>
  </testcase> <!-- problemUserLogin -->
  <testcase name="standardUserLogin" time="7.129" classname="test.swag.testcase.SWAGlabs"/>
</testsuite> <!-- TestSWAG -->
